<?xml version="1.0" encoding="UTF-8"?>
<!-- Generated by org.testng.reporters.JUnitXMLReporter -->
<testsuite ignored="0" hostname="Testing3" failures="0" tests="1" name="main" time="0.004" errors="0" timestamp="2024-01-30T17:33:18 IST">
  <testcase classname="toll.tcm.testCases.BaseClass" name="@BeforeSuite getdataBaseData" time="2.033">
    <failure type="gnu.io.PortInUseException" message="SerialCommunication">
      <![CDATA[gnu.io.PortInUseException: SerialCommunication
at gnu.io.CommPortIdentifier.open(CommPortIdentifier.java:339)
at toll.tcm.Hardware.COM_Setup.<init>(COM_Setup.java:28)
at toll.tcm.Database.DatabaseConnectivity.getTollInfo(DatabaseConnectivity.java:136)
at toll.tcm.testCases.BaseClass.getdataBaseData(BaseClass.java:130)
at toll.tcm.windowsapp.SimpleLoginApp.runTestNG(SimpleLoginApp.java:112)
at toll.tcm.windowsapp.SimpleLoginApp.runTestNGClicked(SimpleLoginApp.java:104)
at toll.tcm.windowsapp.SimpleLoginApp.access$1(SimpleLoginApp.java:99)
at toll.tcm.windowsapp.SimpleLoginApp$2.actionPerformed(SimpleLoginApp.java:93)
at java.desktop/javax.swing.AbstractButton.fireActionPerformed(AbstractButton.java:1967)
at java.desktop/javax.swing.AbstractButton$Handler.actionPerformed(AbstractButton.java:2308)
at java.desktop/javax.swing.DefaultButtonModel.fireActionPerformed(DefaultButtonModel.java:405)
at java.desktop/javax.swing.DefaultButtonModel.setPressed(DefaultButtonModel.java:262)
at java.desktop/javax.swing.plaf.basic.BasicButtonListener.mouseReleased(BasicButtonListener.java:279)
at java.desktop/java.awt.Component.processMouseEvent(Component.java:6635)
at java.desktop/javax.swing.JComponent.processMouseEvent(JComponent.java:3342)
at java.desktop/java.awt.Component.processEvent(Component.java:6400)
at java.desktop/java.awt.Container.processEvent(Container.java:2263)
at java.desktop/java.awt.Component.dispatchEventImpl(Component.java:5011)
at java.desktop/java.awt.Container.dispatchEventImpl(Container.java:2321)
at java.desktop/java.awt.Component.dispatchEvent(Component.java:4843)
at java.desktop/java.awt.LightweightDispatcher.retargetMouseEvent(Container.java:4918)
at java.desktop/java.awt.LightweightDispatcher.processMouseEvent(Container.java:4547)
at java.desktop/java.awt.LightweightDispatcher.dispatchEvent(Container.java:4488)
at java.desktop/java.awt.Container.dispatchEventImpl(Container.java:2307)
at java.desktop/java.awt.Window.dispatchEventImpl(Window.java:2772)
at java.desktop/java.awt.Component.dispatchEvent(Component.java:4843)
at java.desktop/java.awt.EventQueue.dispatchEventImpl(EventQueue.java:772)
at java.desktop/java.awt.EventQueue$4.run(EventQueue.java:721)
at java.desktop/java.awt.EventQueue$4.run(EventQueue.java:715)
at java.base/java.security.AccessController.doPrivileged(Native Method)
at java.base/java.security.ProtectionDomain$JavaSecurityAccessImpl.doIntersectionPrivilege(ProtectionDomain.java:85)
at java.base/java.security.ProtectionDomain$JavaSecurityAccessImpl.doIntersectionPrivilege(ProtectionDomain.java:95)
at java.desktop/java.awt.EventQueue$5.run(EventQueue.java:745)
at java.desktop/java.awt.EventQueue$5.run(EventQueue.java:743)
at java.base/java.security.AccessController.doPrivileged(Native Method)
at java.base/java.security.ProtectionDomain$JavaSecurityAccessImpl.doIntersectionPrivilege(ProtectionDomain.java:85)
at java.desktop/java.awt.EventQueue.dispatchEvent(EventQueue.java:742)
at java.desktop/java.awt.EventDispatchThread.pumpOneEventForFilters(EventDispatchThread.java:203)
at java.desktop/java.awt.EventDispatchThread.pumpEventsForFilter(EventDispatchThread.java:124)
at java.desktop/java.awt.EventDispatchThread.pumpEventsForHierarchy(EventDispatchThread.java:113)
at java.desktop/java.awt.EventDispatchThread.pumpEvents(EventDispatchThread.java:109)
at java.desktop/java.awt.EventDispatchThread.pumpEvents(EventDispatchThread.java:101)
at java.desktop/java.awt.EventDispatchThread.run(EventDispatchThread.java:90)
... Removed 16 stack frames]]>
    </failure>
  </testcase> <!-- @BeforeSuite getdataBaseData -->
  <testcase classname="toll.tcm.testCases.BaseClass" name="@BeforeTest login" time="-1.706616198686E9">
    <skipped/>
  </testcase> <!-- @BeforeTest login -->
  <testcase classname="toll.tcm.testCases.Transaction" name="main" time="0.0">
    <skipped/>
  </testcase> <!-- main -->
</testsuite> <!-- main -->
