<?xml version="1.0" encoding="UTF-8"?>
<!-- Generated by org.testng.reporters.JUnitXMLReporter -->
<testsuite ignored="0" hostname="Testing3" failures="0" tests="1" name="Default test" time="474.343" errors="0" timestamp="2024-02-13T18:11:36 IST">
  <testcase classname="toll.tcm.testCases.Transaction" name="main on toll.tcm.testCases.Transaction[frame0,0,0,0x0,invalid,hidden,layout=java.awt.BorderLayout,title=,resizable,normal,defaultCloseOperation=HIDE_ON_CLOSE,rootPane=javax.swing.JRootPane[,0,0,0x0,invalid,layout=javax.swing.JRootPane$RootLayout,alignmentX=0.0,alignmentY=0.0,border=,flags=16777673,maximumSize=,minimumSize=,preferredSize=],rootPaneCheckingEnabled=true]" time="427.764"/>
</testsuite> <!-- Default test -->
