<?xml version="1.0" encoding="UTF-8"?>
<testng-results ignored="0" total="1" passed="1" failed="0" skipped="0">
  <reporter-output>
  </reporter-output>
  <suite started-at="2024-01-25T11:57:22 IST" name="Default suite" finished-at="2024-01-25T12:00:20 IST" duration-ms="178221">
    <groups>
    </groups>
    <test started-at="2024-01-25T11:57:22 IST" name="Default test" finished-at="2024-01-25T12:00:20 IST" duration-ms="178221">
      <class name="toll.tcm.testCases.Transaction">
        <test-method is-config="true" signature="getdataBaseData()[pri:0, instance:toll.tcm.testCases.Transaction@6aa8e115]" started-at="2024-01-25T11:57:13 IST" name="getdataBaseData" finished-at="2024-01-25T11:57:22 IST" duration-ms="9363" status="PASS">
          <reporter-output>
          </reporter-output>
        </test-method> <!-- getdataBaseData -->
        <test-method is-config="true" signature="login()[pri:0, instance:toll.tcm.testCases.Transaction@6aa8e115]" started-at="2024-01-25T11:57:22 IST" name="login" finished-at="2024-01-25T11:57:46 IST" duration-ms="23634" status="PASS">
          <reporter-output>
          </reporter-output>
        </test-method> <!-- login -->
        <test-method signature="main()[pri:0, instance:toll.tcm.testCases.Transaction@6aa8e115]" started-at="2024-01-25T11:57:46 IST" name="main" finished-at="2024-01-25T12:00:20 IST" duration-ms="154548" status="PASS">
          <reporter-output>
          </reporter-output>
        </test-method> <!-- main -->
        <test-method is-config="true" signature="close()[pri:0, instance:toll.tcm.testCases.Transaction@6aa8e115]" started-at="2024-01-25T12:00:20 IST" name="close" finished-at="2024-01-25T12:00:29 IST" duration-ms="8413" status="PASS">
          <reporter-output>
          </reporter-output>
        </test-method> <!-- close -->
      </class> <!-- toll.tcm.testCases.Transaction -->
    </test> <!-- Default test -->
  </suite> <!-- Default suite -->
</testng-results>
