<?xml version="1.0" encoding="UTF-8"?>
<testng-results ignored="0" total="1" passed="1" failed="0" skipped="0">
  <reporter-output>
  </reporter-output>
  <suite started-at="2024-02-13T18:03:42 IST" name="Default suite" finished-at="2024-02-13T18:11:36 IST" duration-ms="474343">
    <groups>
    </groups>
    <test started-at="2024-02-13T18:03:42 IST" name="Default test" finished-at="2024-02-13T18:11:36 IST" duration-ms="474343">
      <class name="toll.tcm.testCases.Transaction">
        <test-method is-config="true" signature="getdataBaseData()[pri:0, instance:toll.tcm.testCases.Transaction[frame0,0,0,0x0,invalid,hidden,layout=java.awt.BorderLayout,title=,resizable,normal,defaultCloseOperation=HIDE_ON_CLOSE,rootPane=javax.swing.JRootPane[,0,0,0x0,invalid,layout=javax.swing.JRootPane$RootLayout,alignmentX=0.0,alignmentY=0.0,border=,flags=16777673,maximumSize=,minimumSize=,preferredSize=],rootPaneCheckingEnabled=true]]" started-at="2024-02-13T18:03:27 IST" name="getdataBaseData" finished-at="2024-02-13T18:03:42 IST" duration-ms="14859" status="PASS">
          <reporter-output>
          </reporter-output>
        </test-method> <!-- getdataBaseData -->
        <test-method is-config="true" signature="login()[pri:0, instance:toll.tcm.testCases.Transaction[frame0,0,0,0x0,invalid,hidden,layout=java.awt.BorderLayout,title=,resizable,normal,defaultCloseOperation=HIDE_ON_CLOSE,rootPane=javax.swing.JRootPane[,0,0,0x0,invalid,layout=javax.swing.JRootPane$RootLayout,alignmentX=0.0,alignmentY=0.0,border=,flags=16777673,maximumSize=,minimumSize=,preferredSize=],rootPaneCheckingEnabled=true]]" started-at="2024-02-13T18:03:42 IST" name="login" finished-at="2024-02-13T18:04:28 IST" duration-ms="46471" status="PASS">
          <reporter-output>
          </reporter-output>
        </test-method> <!-- login -->
        <test-method signature="main()[pri:0, instance:toll.tcm.testCases.Transaction[frame0,0,0,0x0,invalid,hidden,layout=java.awt.BorderLayout,title=,resizable,normal,defaultCloseOperation=HIDE_ON_CLOSE,rootPane=javax.swing.JRootPane[,0,0,0x0,invalid,layout=javax.swing.JRootPane$RootLayout,alignmentX=0.0,alignmentY=0.0,border=,flags=16777673,maximumSize=,minimumSize=,preferredSize=],rootPaneCheckingEnabled=true]]" started-at="2024-02-13T18:04:28 IST" name="main" finished-at="2024-02-13T18:11:36 IST" duration-ms="427764" status="PASS">
          <reporter-output>
          </reporter-output>
        </test-method> <!-- main -->
        <test-method is-config="true" signature="close()[pri:0, instance:toll.tcm.testCases.Transaction[frame0,0,0,0x0,invalid,hidden,layout=java.awt.BorderLayout,title=,resizable,normal,defaultCloseOperation=HIDE_ON_CLOSE,rootPane=javax.swing.JRootPane[,0,0,0x0,invalid,layout=javax.swing.JRootPane$RootLayout,alignmentX=0.0,alignmentY=0.0,border=,flags=16777673,maximumSize=,minimumSize=,preferredSize=],rootPaneCheckingEnabled=true]]" started-at="2024-02-13T18:11:37 IST" name="close" finished-at="2024-02-13T18:11:50 IST" duration-ms="13348" status="PASS">
          <reporter-output>
          </reporter-output>
        </test-method> <!-- close -->
      </class> <!-- toll.tcm.testCases.Transaction -->
    </test> <!-- Default test -->
  </suite> <!-- Default suite -->
</testng-results>
